<?xml version="1.0" encoding="UTF-8"?>
<!-- Generated by org.testng.reporters.JUnitReportReporter -->
<testsuite hostname="DESKTOP-79JL1OG" failures="0" tests="1" name="testcases.HomePage6Test" time="5.980" errors="0" timestamp="2021-05-10T15:29:13 IST" skipped="0">
  <testcase classname="testcases.HomePage6Test" name="checkElementText" time="5.980"/>
  <system-out/>
</testsuite> <!-- testcases.HomePage6Test -->
