<?xml version="1.0" encoding="UTF-8"?>
<!-- Generated by org.testng.reporters.JUnitReportReporter -->
<testsuite hostname="DESKTOP-79JL1OG" failures="0" tests="3" name="testcases.HomePage5Test" time="31.427" errors="0" timestamp="2021-05-10T15:29:13 IST" skipped="0">
  <testcase classname="testcases.HomePage5Test" name="clickbtn1test" time="10.655"/>
  <system-out/>
  <testcase classname="testcases.HomePage5Test" name="isbtndistest" time="11.894"/>
  <system-out/>
  <testcase classname="testcases.HomePage5Test" name="isdisplayedtexttest" time="8.878"/>
  <system-out/>
</testsuite> <!-- testcases.HomePage5Test -->
