<?xml version="1.0" encoding="UTF-8"?>
<!-- Generated by org.testng.reporters.JUnitReportReporter -->
<testsuite hostname="DESKTOP-79JL1OG" failures="0" tests="2" name="testcases.HomePage3Test" time="5.774" errors="0" timestamp="2021-05-10T15:29:13 IST" skipped="0">
  <testcase classname="testcases.HomePage3Test" name="defaultTexttest" time="3.363"/>
  <system-out/>
  <testcase classname="testcases.HomePage3Test" name="Changeopttest" time="2.411"/>
  <system-out/>
</testsuite> <!-- testcases.HomePage3Test -->
