<?xml version="1.0" encoding="UTF-8"?>
<!-- Generated by org.testng.reporters.JUnitReportReporter -->
<testsuite hostname="DESKTOP-79JL1OG" failures="0" tests="5" name="testcases.HomePageTest" time="15.348" errors="0" timestamp="2021-05-10T15:29:13 IST" skipped="0">
  <testcase classname="testcases.HomePageTest" name="hpsigninbtntest" time="2.563"/>
  <system-out/>
  <testcase classname="testcases.HomePageTest" name="hppasswordtest" time="2.469"/>
  <system-out/>
  <testcase classname="testcases.HomePageTest" name="hpusrnametest" time="3.273"/>
  <system-out/>
  <testcase classname="testcases.HomePageTest" name="hplogintest" time="3.545"/>
  <system-out/>
  <testcase classname="testcases.HomePageTest" name="homepagetitletest" time="3.498"/>
  <system-out/>
</testsuite> <!-- testcases.HomePageTest -->
