<?xml version="1.0" encoding="UTF-8"?>
<!-- Generated by org.testng.reporters.JUnitReportReporter -->
<testsuite hostname="DESKTOP-79JL1OG" failures="0" tests="3" name="testcases.HomePage2Test" time="7.594" errors="0" timestamp="2021-05-10T15:29:13 IST" skipped="0">
  <testcase classname="testcases.HomePage2Test" name="elementsSizetest" time="2.289"/>
  <system-out/>
  <testcase classname="testcases.HomePage2Test" name="secElementBadgetexttest" time="2.526"/>
  <system-out/>
  <testcase classname="testcases.HomePage2Test" name="secElementtexttest" time="2.779"/>
  <system-out/>
</testsuite> <!-- testcases.HomePage2Test -->
