<?xml version="1.0" encoding="UTF-8"?>
<!-- Generated by org.testng.reporters.JUnitReportReporter -->
<testsuite hostname="DESKTOP-79JL1OG" failures="0" tests="2" name="testcases.HomePage4Test" time="4.667" errors="0" timestamp="2021-05-10T15:29:13 IST" skipped="0">
  <testcase classname="testcases.HomePage4Test" name="isEnabletest" time="2.150"/>
  <system-out/>
  <testcase classname="testcases.HomePage4Test" name="isDisabletest" time="2.517"/>
  <system-out/>
</testsuite> <!-- testcases.HomePage4Test -->
