<?xml version="1.0" encoding="UTF-8"?>
<!-- Generated by org.testng.reporters.JUnitReportReporter -->
<testsuite hostname="DESKTOP-79JL1OG" failures="0" tests="5" name="testcases.homepagetest" time="22.377" errors="0" timestamp="2021-05-04T12:04:56 IST" skipped="0">
  <testcase classname="testcases.homepagetest" name="hpsigninbtntest" time="3.983"/>
  <system-out/>
  <testcase classname="testcases.homepagetest" name="homepagetitletest" time="4.190"/>
  <system-out/>
  <testcase classname="testcases.homepagetest" name="hppasswordtest" time="4.923"/>
  <system-out/>
  <testcase classname="testcases.homepagetest" name="hplogintest" time="4.481"/>
  <system-out/>
  <testcase classname="testcases.homepagetest" name="hpusrnametest" time="4.800"/>
  <system-out/>
</testsuite> <!-- testcases.homepagetest -->
