<?xml version="1.0" encoding="UTF-8"?>
<!-- Generated by org.testng.reporters.JUnitReportReporter -->
<testsuite hostname="DESKTOP-79JL1OG" failures="0" tests="3" name="testcases.homepage5test" time="36.570" errors="0" timestamp="2021-05-04T12:04:56 IST" skipped="0">
  <testcase classname="testcases.homepage5test" name="clickbtn1test" time="10.768"/>
  <system-out/>
  <testcase classname="testcases.homepage5test" name="isbtndistest" time="13.340"/>
  <system-out/>
  <testcase classname="testcases.homepage5test" name="isdisplayedtexttest" time="12.462"/>
  <system-out/>
</testsuite> <!-- testcases.homepage5test -->
