<?xml version="1.0" encoding="UTF-8"?>
<!-- Generated by org.testng.reporters.JUnitReportReporter -->
<testsuite hostname="DESKTOP-79JL1OG" failures="0" tests="2" name="testcases.homepage3test" time="10.976" errors="0" timestamp="2021-05-04T12:04:56 IST" skipped="0">
  <testcase classname="testcases.homepage3test" name="defaultTexttest" time="5.219"/>
  <system-out/>
  <testcase classname="testcases.homepage3test" name="Changeopttest" time="5.757"/>
  <system-out/>
</testsuite> <!-- testcases.homepage3test -->
