<?xml version="1.0" encoding="UTF-8"?>
<!-- Generated by org.testng.reporters.JUnitReportReporter -->
<testsuite hostname="DESKTOP-79JL1OG" failures="0" tests="2" name="testcases.homepage4test" time="11.271" errors="0" timestamp="2021-05-04T12:04:56 IST" skipped="0">
  <testcase classname="testcases.homepage4test" name="isEnabletest" time="4.338"/>
  <system-out/>
  <testcase classname="testcases.homepage4test" name="isDisabletest" time="6.933"/>
  <system-out/>
</testsuite> <!-- testcases.homepage4test -->
