<?xml version="1.0" encoding="UTF-8"?>
<!-- Generated by org.testng.reporters.JUnitReportReporter -->
<testsuite hostname="DESKTOP-79JL1OG" failures="0" tests="3" name="testcases.homepage2test" time="14.797" errors="0" timestamp="2021-05-04T12:04:56 IST" skipped="0">
  <testcase classname="testcases.homepage2test" name="secElementtexttest" time="4.703"/>
  <system-out/>
  <testcase classname="testcases.homepage2test" name="elementsSizetest" time="6.174"/>
  <system-out/>
  <testcase classname="testcases.homepage2test" name="secElementBadgetexttest" time="3.920"/>
  <system-out/>
</testsuite> <!-- testcases.homepage2test -->
