<?xml version="1.0" encoding="UTF-8"?>
<!-- Generated by org.testng.reporters.JUnitReportReporter -->
<testsuite hostname="DESKTOP-79JL1OG" failures="0" tests="1" name="testcases.homepage6test" time="12.886" errors="0" timestamp="2021-05-04T12:04:56 IST" skipped="0">
  <testcase classname="testcases.homepage6test" name="checkElementText" time="12.886"/>
  <system-out/>
</testsuite> <!-- testcases.homepage6test -->
